<?xml version="1.0" encoding="UTF-8"?>
<!-- Generated by org.testng.reporters.JUnitReportReporter -->
<testsuite hostname="DESKTOP-FFT4RSH" failures="0" tests="1" name="com.testexecute.TestngSmokeReport" time="7.447" errors="0" timestamp="2021-07-17T11:13:53 EDT" skipped="0">
  <testcase classname="com.testexecute.TestngSmokeReport" name="smoke" time="7.447"/>
  <system-out/>
</testsuite> <!-- com.testexecute.TestngSmokeReport -->
