<?xml version="1.0" encoding="UTF-8"?>
<!-- Generated by org.testng.reporters.JUnitReportReporter -->
<testsuite hostname="DESKTOP-FFT4RSH" failures="0" tests="1" name="com.testexecute.TestngSmoke" time="8.539" errors="0" timestamp="2021-07-17T11:12:44 EDT" skipped="0">
  <testcase classname="com.testexecute.TestngSmoke" name="getLogin" time="8.539"/>
  <system-out/>
</testsuite> <!-- com.testexecute.TestngSmoke -->
